# JRE version: Java(TM) SE Runtime Environment (8.0_201-b09) (build 1.8.0_201-b09)
# Java VM: Java HotSpot(TM) 64-Bit Server VM (25.201-b09 mixed mode windows-amd64 compressed oops)
Heap:
 PSYoungGen      total 26112K, used 12499K [0x00000000f0c00000, 0x00000000f2700000, 0x0000000100000000)
  eden space 24576K, 44% used [0x00000000f0c00000,0x00000000f16b8208,0x00000000f2400000)
  from space 1536K, 99% used [0x00000000f2400000,0x00000000f257cb70,0x00000000f2580000)
  to   space 1536K, 0% used [0x00000000f2580000,0x00000000f2580000,0x00000000f2700000)
 ParOldGen       total 31744K, used 11374K [0x00000000d2400000, 0x00000000d4300000, 0x00000000f0c00000)
  object space 31744K, 35% used [0x00000000d2400000,0x00000000d2f1b9e8,0x00000000d4300000)
 Metaspace       used 19669K, capacity 20234K, committed 20608K, reserved 1067008K
  class space    used 2663K, capacity 2832K, committed 2944K, reserved 1048576K
GC Heap History (10 events):
Event: 1.288 GC heap before
{Heap before GC invocations=3 (full 0):
 PSYoungGen      total 13824K, used 13758K [0x00000000f0c00000, 0x00000000f2700000, 0x0000000100000000)
  eden space 12288K, 99% used [0x00000000f0c00000,0x00000000f17f63b8,0x00000000f1800000)
  from space 1536K, 98% used [0x00000000f1980000,0x00000000f1af9818,0x00000000f1b00000)
  to   space 1536K, 0% used [0x00000000f1800000,0x00000000f1800000,0x00000000f1980000)
 ParOldGen       total 31744K, used 2567K [0x00000000d2400000, 0x00000000d4300000, 0x00000000f0c00000)
  object space 31744K, 8% used [0x00000000d2400000,0x00000000d2681c88,0x00000000d4300000)
 Metaspace       used 9504K, capacity 9724K, committed 9984K, reserved 1058816K
  class space    used 1178K, capacity 1264K, committed 1280K, reserved 1048576K
Event: 1.291 GC heap after
Heap after GC invocations=3 (full 0):
 PSYoungGen      total 13824K, used 1522K [0x00000000f0c00000, 0x00000000f2700000, 0x0000000100000000)
  eden space 12288K, 0% used [0x00000000f0c00000,0x00000000f0c00000,0x00000000f1800000)
  from space 1536K, 99% used [0x00000000f1800000,0x00000000f197cad0,0x00000000f1980000)
  to   space 1536K, 0% used [0x00000000f2580000,0x00000000f2580000,0x00000000f2700000)
 ParOldGen       total 31744K, used 2591K [0x00000000d2400000, 0x00000000d4300000, 0x00000000f0c00000)
  object space 31744K, 8% used [0x00000000d2400000,0x00000000d2687c88,0x00000000d4300000)
 Metaspace       used 9504K, capacity 9724K, committed 9984K, reserved 1058816K
  class space    used 1178K, capacity 1264K, committed 1280K, reserved 1048576K
}
Event: 1.296 GC heap before
{Heap before GC invocations=4 (full 0):
 PSYoungGen      total 13824K, used 13785K [0x00000000f0c00000, 0x00000000f2700000, 0x0000000100000000)
  eden space 12288K, 99% used [0x00000000f0c00000,0x00000000f17f9a40,0x00000000f1800000)
  from space 1536K, 99% used [0x00000000f1800000,0x00000000f197cad0,0x00000000f1980000)
  to   space 1536K, 0% used [0x00000000f2580000,0x00000000f2580000,0x00000000f2700000)
 ParOldGen       total 31744K, used 2591K [0x00000000d2400000, 0x00000000d4300000, 0x00000000f0c00000)
  object space 31744K, 8% used [0x00000000d2400000,0x00000000d2687c88,0x00000000d4300000)
 Metaspace       used 9504K, capacity 9724K, committed 9984K, reserved 1058816K
  class space    used 1178K, capacity 1264K, committed 1280K, reserved 1048576K
Event: 1.299 GC heap after
Heap after GC invocations=4 (full 0):
 PSYoungGen      total 26112K, used 1506K [0x00000000f0c00000, 0x00000000f2700000, 0x0000000100000000)
  eden space 24576K, 0% used [0x00000000f0c00000,0x00000000f0c00000,0x00000000f2400000)
  from space 1536K, 98% used [0x00000000f2580000,0x00000000f26f89a0,0x00000000f2700000)
  to   space 1536K, 0% used [0x00000000f2400000,0x00000000f2400000,0x00000000f2580000)
 ParOldGen       total 31744K, used 2631K [0x00000000d2400000, 0x00000000d4300000, 0x00000000f0c00000)
  object space 31744K, 8% used [0x00000000d2400000,0x00000000d2691c88,0x00000000d4300000)
 Metaspace       used 9504K, capacity 9724K, committed 9984K, reserved 1058816K
  class space    used 1178K, capacity 1264K, committed 1280K, reserved 1048576K
}
Event: 1.559 GC heap before
{Heap before GC invocations=5 (full 0):
 PSYoungGen      total 26112K, used 26082K [0x00000000f0c00000, 0x00000000f2700000, 0x0000000100000000)
  eden space 24576K, 100% used [0x00000000f0c00000,0x00000000f2400000,0x00000000f2400000)
  from space 1536K, 98% used [0x00000000f2580000,0x00000000f26f89a0,0x00000000f2700000)
  to   space 1536K, 0% used [0x00000000f2400000,0x00000000f2400000,0x00000000f2580000)
 ParOldGen       total 31744K, used 2631K [0x00000000d2400000, 0x00000000d4300000, 0x00000000f0c00000)
  object space 31744K, 8% used [0x00000000d2400000,0x00000000d2691c88,0x00000000d4300000)
 Metaspace       used 12431K, capacity 12728K, committed 13056K, reserved 1060864K
  class space    used 1583K, capacity 1683K, committed 1792K, reserved 1048576K
Event: 1.567 GC heap after
Heap after GC invocations=5 (full 0):
 PSYoungGen      total 26112K, used 1509K [0x00000000f0c00000, 0x00000000f2700000, 0x0000000100000000)
  eden space 24576K, 0% used [0x00000000f0c00000,0x00000000f0c00000,0x00000000f2400000)
  from space 1536K, 98% used [0x00000000f2400000,0x00000000f2579630,0x00000000f2580000)
  to   space 1536K, 0% used [0x00000000f2580000,0x00000000f2580000,0x00000000f2700000)
 ParOldGen       total 31744K, used 5175K [0x00000000d2400000, 0x00000000d4300000, 0x00000000f0c00000)
  object space 31744K, 16% used [0x00000000d2400000,0x00000000d290ddd8,0x00000000d4300000)
 Metaspace       used 12431K, capacity 12728K, committed 13056K, reserved 1060864K
  class space    used 1583K, capacity 1683K, committed 1792K, reserved 1048576K
}
Event: 1.798 GC heap before
{Heap before GC invocations=6 (full 0):
 PSYoungGen      total 26112K, used 26085K [0x00000000f0c00000, 0x00000000f2700000, 0x0000000100000000)
  eden space 24576K, 100% used [0x00000000f0c00000,0x00000000f2400000,0x00000000f2400000)
  from space 1536K, 98% used [0x00000000f2400000,0x00000000f2579630,0x00000000f2580000)
  to   space 1536K, 0% used [0x00000000f2580000,0x00000000f2580000,0x00000000f2700000)
 ParOldGen       total 31744K, used 5175K [0x00000000d2400000, 0x00000000d4300000, 0x00000000f0c00000)
  object space 31744K, 16% used [0x00000000d2400000,0x00000000d290ddd8,0x00000000d4300000)
 Metaspace       used 14827K, capacity 15260K, committed 15488K, reserved 1062912K
  class space    used 2039K, capacity 2175K, committed 2176K, reserved 1048576K
Event: 1.805 GC heap after
Heap after GC invocations=6 (full 0):
 PSYoungGen      total 26112K, used 1509K [0x00000000f0c00000, 0x00000000f2700000, 0x0000000100000000)
  eden space 24576K, 0% used [0x00000000f0c00000,0x00000000f0c00000,0x00000000f2400000)
  from space 1536K, 98% used [0x00000000f2580000,0x00000000f26f9630,0x00000000f2700000)
  to   space 1536K, 0% used [0x00000000f2400000,0x00000000f2400000,0x00000000f2580000)
 ParOldGen       total 31744K, used 7880K [0x00000000d2400000, 0x00000000d4300000, 0x00000000f0c00000)
  object space 31744K, 24% used [0x00000000d2400000,0x00000000d2bb20f8,0x00000000d4300000)
 Metaspace       used 14827K, capacity 15260K, committed 15488K, reserved 1062912K
  class space    used 2039K, capacity 2175K, committed 2176K, reserved 1048576K
}
Event: 1.997 GC heap before
{Heap before GC invocations=7 (full 0):
 PSYoungGen      total 26112K, used 26085K [0x00000000f0c00000, 0x00000000f2700000, 0x0000000100000000)
  eden space 24576K, 100% used [0x00000000f0c00000,0x00000000f2400000,0x00000000f2400000)
  from space 1536K, 98% used [0x00000000f2580000,0x00000000f26f9630,0x00000000f2700000)
  to   space 1536K, 0% used [0x00000000f2400000,0x00000000f2400000,0x00000000f2580000)
 ParOldGen       total 31744K, used 7880K [0x00000000d2400000, 0x00000000d4300000, 0x00000000f0c00000)
  object space 31744K, 24% used [0x00000000d2400000,0x00000000d2bb20f8,0x00000000d4300000)
 Metaspace       used 17988K, capacity 18546K, committed 18816K, reserved 1064960K
  class space    used 2438K, capacity 2606K, committed 2688K, reserved 1048576K
Event: 2.004 GC heap after
Heap after GC invocations=7 (full 0):
 PSYoungGen      total 26112K, used 1522K [0x00000000f0c00000, 0x00000000f2700000, 0x0000000100000000)
  eden space 24576K, 0% used [0x00000000f0c00000,0x00000000f0c00000,0x00000000f2400000)
  from space 1536K, 99% used [0x00000000f2400000,0x00000000f257cb70,0x00000000f2580000)
  to   space 1536K, 0% used [0x00000000f2580000,0x00000000f2580000,0x00000000f2700000)
 ParOldGen       total 31744K, used 11374K [0x00000000d2400000, 0x00000000d4300000, 0x00000000f0c00000)
  object space 31744K, 35% used [0x00000000d2400000,0x00000000d2f1b9e8,0x00000000d4300000)
 Metaspace       used 17988K, capacity 18546K, committed 18816K, reserved 1064960K
  class space    used 2438K, capacity 2606K, committed 2688K, reserved 1048576K
}

